# JRE version: Java(TM) SE Runtime Environment 18.9 (11.0.11+9) (build 11.0.11+9-LTS-194)
# Java VM: Java HotSpot(TM) 64-Bit Server VM 18.9 (11.0.11+9-LTS-194, mixed mode, tiered, compressed oops, g1 gc, windows-amd64)
Heap:
 garbage-first heap   total 312320K, used 23720K [0x0000000702200000, 0x0000000800000000)
  region size 1024K, 15 young (15360K), 15 survivors (15360K)
 Metaspace       used 58053K, capacity 59682K, committed 59816K, reserved 1101824K
  class space    used 7806K, capacity 8443K, committed 8448K, reserved 1048576K
GC Heap History (10 events):
Event: 1.369 GC heap after
{Heap after GC invocations=3 (full 0):
 garbage-first heap   total 260096K, used 9367K [0x0000000702200000, 0x0000000800000000)
  region size 1024K, 2 young (2048K), 2 survivors (2048K)
 Metaspace       used 19107K, capacity 19793K, committed 19968K, reserved 1067008K
  class space    used 2227K, capacity 2506K, committed 2560K, reserved 1048576K
}
Event: 1.439 GC heap before
{Heap before GC invocations=3 (full 0):
 garbage-first heap   total 260096K, used 15511K [0x0000000702200000, 0x0000000800000000)
  region size 1024K, 10 young (10240K), 2 survivors (2048K)
 Metaspace       used 20364K, capacity 21139K, committed 21424K, reserved 1069056K
  class space    used 2414K, capacity 2700K, committed 2816K, reserved 1048576K
}
Event: 1.442 GC heap after
{Heap after GC invocations=4 (full 0):
 garbage-first heap   total 260096K, used 9960K [0x0000000702200000, 0x0000000800000000)
  region size 1024K, 3 young (3072K), 3 survivors (3072K)
 Metaspace       used 20364K, capacity 21139K, committed 21424K, reserved 1069056K
  class space    used 2414K, capacity 2700K, committed 2816K, reserved 1048576K
}
Event: 1.856 GC heap before
{Heap before GC invocations=5 (full 0):
 garbage-first heap   total 260096K, used 114408K [0x0000000702200000, 0x0000000800000000)
  region size 1024K, 106 young (108544K), 3 survivors (3072K)
 Metaspace       used 28928K, capacity 29789K, committed 30000K, reserved 1075200K
  class space    used 3605K, capacity 3964K, committed 3968K, reserved 1048576K
}
Event: 1.860 GC heap after
{Heap after GC invocations=6 (full 0):
 garbage-first heap   total 260096K, used 12342K [0x0000000702200000, 0x0000000800000000)
  region size 1024K, 5 young (5120K), 5 survivors (5120K)
 Metaspace       used 28928K, capacity 29789K, committed 30000K, reserved 1075200K
  class space    used 3605K, capacity 3964K, committed 3968K, reserved 1048576K
}
Event: 2.538 GC heap before
{Heap before GC invocations=6 (full 0):
 garbage-first heap   total 260096K, used 79926K [0x0000000702200000, 0x0000000800000000)
  region size 1024K, 72 young (73728K), 5 survivors (5120K)
 Metaspace       used 34404K, capacity 35548K, committed 35632K, reserved 1079296K
  class space    used 4436K, capacity 4925K, committed 4992K, reserved 1048576K
}
Event: 2.544 GC heap after
{Heap after GC invocations=7 (full 0):
 garbage-first heap   total 260096K, used 14833K [0x0000000702200000, 0x0000000800000000)
  region size 1024K, 7 young (7168K), 7 survivors (7168K)
 Metaspace       used 34404K, capacity 35548K, committed 35632K, reserved 1079296K
  class space    used 4436K, capacity 4925K, committed 4992K, reserved 1048576K
}
Event: 3.382 GC heap before
{Heap before GC invocations=8 (full 0):
 garbage-first heap   total 260096K, used 162289K [0x0000000702200000, 0x0000000800000000)
  region size 1024K, 152 young (155648K), 7 survivors (7168K)
 Metaspace       used 41284K, capacity 42830K, committed 43056K, reserved 1087488K
  class space    used 5379K, capacity 6007K, committed 6016K, reserved 1048576K
}
Event: 3.391 GC heap after
{Heap after GC invocations=9 (full 0):
 garbage-first heap   total 260096K, used 18698K [0x0000000702200000, 0x0000000800000000)
  region size 1024K, 11 young (11264K), 11 survivors (11264K)
 Metaspace       used 41284K, capacity 42830K, committed 43056K, reserved 1087488K
  class space    used 5379K, capacity 6007K, committed 6016K, reserved 1048576K
}
Event: 5.120 GC heap before
{Heap before GC invocations=9 (full 0):
 garbage-first heap   total 260096K, used 132362K [0x0000000702200000, 0x0000000800000000)
  region size 1024K, 123 young (125952K), 11 survivors (11264K)
 Metaspace       used 58053K, capacity 59682K, committed 59816K, reserved 1101824K
  class space    used 7806K, capacity 8443K, committed 8448K, reserved 1048576K
}

